<?xml version="1.0" encoding="UTF-8"?>
<!-- Generated by org.testng.reporters.JUnitXMLReporter -->
<testsuite ignored="0" hostname="LAPTOP-OOJD2GM0" failures="0" tests="4" name="Surefire test" time="13.437" errors="0" timestamp="03 Aug 2023 08:23:37 GMT">
  <testcase classname="api.test.userTests" name="testPostUser" time="8.753"/>
  <testcase classname="api.test.userTests" name="testGetserByName" time="1.275"/>
  <testcase classname="api.test.userTests" name="testupdateUser" time="1.266"/>
  <testcase classname="api.test.userTests" name="testDeleteUser" time="1.182"/>
</testsuite> <!-- Surefire test -->
