<?xml version="1.0" encoding="UTF-8"?>
<!-- Generated by org.testng.reporters.JUnitXMLReporter -->
<testsuite ignored="0" hostname="LAPTOP-OOJD2GM0" failures="0" tests="5" name="Default test" time="27.907" errors="0" timestamp="26 Jul 2023 11:29:47 GMT">
  <testcase classname="api.test.DDtests" name="testPostUser" time="5.629"/>
  <testcase classname="api.test.DDtests" name="testPostUser" time="4.044"/>
  <testcase classname="api.test.DDtests" name="testPostUser" time="3.061"/>
  <testcase classname="api.test.DDtests" name="testPostUser" time="4.527"/>
  <testcase classname="api.test.DDtests" name="testPostUser" time="5.029"/>
</testsuite> <!-- Default test -->
