<?xml version="1.0" encoding="UTF-8"?>
<!-- Generated by org.testng.reporters.JUnitXMLReporter -->
<testsuite ignored="0" hostname="LAPTOP-OOJD2GM0" failures="0" tests="4" name="Test" time="8.971" errors="0" timestamp="28 Jul 2023 16:54:01 GMT">
  <testcase classname="api.test.userTests" name="testPostUser" time="4.55"/>
  <testcase classname="api.test.userTests" name="testGetserByName" time="1.183"/>
  <testcase classname="api.test.userTests" name="testupdateUser" time="1.145"/>
  <testcase classname="api.test.userTests" name="testDeleteUser" time="1.13"/>
</testsuite> <!-- Test -->
