<?xml version="1.0" encoding="UTF-8"?>
<!-- Generated by org.testng.reporters.JUnitXMLReporter -->
<testsuite ignored="0" hostname="LAPTOP-OOJD2GM0" failures="0" tests="4" name="Test" time="9.404" errors="0" timestamp="26 Jul 2023 17:18:26 GMT">
  <testcase classname="api.test.userTests" name="testPostUser" time="4.771"/>
  <testcase classname="api.test.userTests" name="testGetserByName" time="1.199"/>
  <testcase classname="api.test.userTests" name="testupdateUser" time="1.199"/>
  <testcase classname="api.test.userTests" name="testDeleteUser" time="1.124"/>
</testsuite> <!-- Test -->
