<?xml version="1.0" encoding="UTF-8"?>
<testng-results ignored="0" total="4" passed="4" failed="0" skipped="0">
  <reporter-output>
  </reporter-output>
  <suite started-at="2023-08-03T08:23:23Z" name="Surefire suite" finished-at="2023-08-03T08:23:37Z" duration-ms="13437">
    <groups>
    </groups>
    <test started-at="2023-08-03T08:23:23Z" name="Surefire test" finished-at="2023-08-03T08:23:37Z" duration-ms="13437">
      <class name="api.test.userTests">
        <test-method is-config="true" signature="setupData()[pri:0, instance:api.test.userTests@206a70ef]" started-at="2023-08-03T08:23:23Z" name="setupData" finished-at="2023-08-03T08:23:24Z" duration-ms="885" status="PASS">
          <reporter-output>
          </reporter-output>
        </test-method> <!-- setupData -->
        <test-method signature="testPostUser()[pri:1, instance:api.test.userTests@206a70ef]" started-at="2023-08-03T08:23:24Z" name="testPostUser" finished-at="2023-08-03T08:23:33Z" duration-ms="8753" status="PASS">
          <reporter-output>
          </reporter-output>
        </test-method> <!-- testPostUser -->
        <test-method signature="testGetserByName()[pri:2, instance:api.test.userTests@206a70ef]" started-at="2023-08-03T08:23:33Z" name="testGetserByName" finished-at="2023-08-03T08:23:34Z" duration-ms="1275" status="PASS">
          <reporter-output>
          </reporter-output>
        </test-method> <!-- testGetserByName -->
        <test-method signature="testupdateUser()[pri:3, instance:api.test.userTests@206a70ef]" started-at="2023-08-03T08:23:34Z" name="testupdateUser" finished-at="2023-08-03T08:23:36Z" duration-ms="1266" status="PASS">
          <reporter-output>
          </reporter-output>
        </test-method> <!-- testupdateUser -->
        <test-method signature="testDeleteUser()[pri:4, instance:api.test.userTests@206a70ef]" started-at="2023-08-03T08:23:36Z" name="testDeleteUser" finished-at="2023-08-03T08:23:37Z" duration-ms="1182" status="PASS">
          <reporter-output>
          </reporter-output>
        </test-method> <!-- testDeleteUser -->
      </class> <!-- api.test.userTests -->
    </test> <!-- Surefire test -->
  </suite> <!-- Surefire suite -->
</testng-results>
