<?xml version="1.0" encoding="UTF-8"?>
<testng-results ignored="0" total="4" passed="4" failed="0" skipped="0">
  <reporter-output>
  </reporter-output>
  <suite started-at="2023-08-03T08:06:19Z" name="Default suite" finished-at="2023-08-03T08:06:30Z" duration-ms="11135">
    <groups>
    </groups>
    <test started-at="2023-08-03T08:06:19Z" name="Default test" finished-at="2023-08-03T08:06:30Z" duration-ms="11135">
      <class name="api.test.userTests">
        <test-method is-config="true" signature="setupData()[pri:0, instance:api.test.userTests@7ceb3185]" started-at="2023-08-03T08:06:19Z" name="setupData" finished-at="2023-08-03T08:06:20Z" duration-ms="534" status="PASS">
          <reporter-output>
          </reporter-output>
        </test-method> <!-- setupData -->
        <test-method signature="testPostUser()[pri:1, instance:api.test.userTests@7ceb3185]" started-at="2023-08-03T08:06:20Z" name="testPostUser" finished-at="2023-08-03T08:06:26Z" duration-ms="5832" status="PASS">
          <reporter-output>
          </reporter-output>
        </test-method> <!-- testPostUser -->
        <test-method signature="testGetserByName()[pri:2, instance:api.test.userTests@7ceb3185]" started-at="2023-08-03T08:06:26Z" name="testGetserByName" finished-at="2023-08-03T08:06:27Z" duration-ms="1724" status="PASS">
          <reporter-output>
          </reporter-output>
        </test-method> <!-- testGetserByName -->
        <test-method signature="testupdateUser()[pri:3, instance:api.test.userTests@7ceb3185]" started-at="2023-08-03T08:06:27Z" name="testupdateUser" finished-at="2023-08-03T08:06:29Z" duration-ms="1474" status="PASS">
          <reporter-output>
          </reporter-output>
        </test-method> <!-- testupdateUser -->
        <test-method signature="testDeleteUser()[pri:4, instance:api.test.userTests@7ceb3185]" started-at="2023-08-03T08:06:29Z" name="testDeleteUser" finished-at="2023-08-03T08:06:30Z" duration-ms="1484" status="PASS">
          <reporter-output>
          </reporter-output>
        </test-method> <!-- testDeleteUser -->
      </class> <!-- api.test.userTests -->
    </test> <!-- Default test -->
  </suite> <!-- Default suite -->
</testng-results>
