<?xml version="1.0" encoding="UTF-8"?>
<testng-results ignored="0" total="4" passed="4" failed="0" skipped="0">
  <reporter-output>
  </reporter-output>
  <suite started-at="2023-07-26T17:18:17Z" name="Suite" finished-at="2023-07-26T17:18:26Z" duration-ms="9404">
    <groups>
    </groups>
    <test started-at="2023-07-26T17:18:17Z" name="Test" finished-at="2023-07-26T17:18:26Z" duration-ms="9404">
      <class name="api.test.userTests">
        <test-method is-config="true" signature="setupData()[pri:0, instance:api.test.userTests@38604b81]" started-at="2023-07-26T17:18:17Z" name="setupData" finished-at="2023-07-26T17:18:18Z" duration-ms="478" status="PASS">
          <reporter-output>
          </reporter-output>
        </test-method> <!-- setupData -->
        <test-method signature="testPostUser()[pri:1, instance:api.test.userTests@38604b81]" started-at="2023-07-26T17:18:18Z" name="testPostUser" finished-at="2023-07-26T17:18:23Z" duration-ms="4771" status="PASS">
          <reporter-output>
          </reporter-output>
        </test-method> <!-- testPostUser -->
        <test-method signature="testGetserByName()[pri:2, instance:api.test.userTests@38604b81]" started-at="2023-07-26T17:18:23Z" name="testGetserByName" finished-at="2023-07-26T17:18:24Z" duration-ms="1199" status="PASS">
          <reporter-output>
          </reporter-output>
        </test-method> <!-- testGetserByName -->
        <test-method signature="testupdateUser()[pri:3, instance:api.test.userTests@38604b81]" started-at="2023-07-26T17:18:24Z" name="testupdateUser" finished-at="2023-07-26T17:18:25Z" duration-ms="1199" status="PASS">
          <reporter-output>
          </reporter-output>
        </test-method> <!-- testupdateUser -->
        <test-method signature="testDeleteUser()[pri:4, instance:api.test.userTests@38604b81]" started-at="2023-07-26T17:18:25Z" name="testDeleteUser" finished-at="2023-07-26T17:18:26Z" duration-ms="1124" status="PASS">
          <reporter-output>
          </reporter-output>
        </test-method> <!-- testDeleteUser -->
      </class> <!-- api.test.userTests -->
    </test> <!-- Test -->
  </suite> <!-- Suite -->
</testng-results>
